{"C:\\Users\\Usuario\\Documents\\GIt\\SaludYa\\Backend\\src\\config\\db.js": {"path":"C:\\Users\\Usuario\\Documents\\GIt\\SaludYa\\Backend\\src\\config\\db.js","statementMap":{"0":{"start":{"line":1,"column":17},"end":{"line":1,"column":30}},"1":{"start":{"line":2,"column":0},"end":{"line":2,"column":27}},"2":{"start":{"line":4,"column":15},"end":{"line":4,"column":45}},"3":{"start":{"line":5,"column":25},"end":{"line":5,"column":77}},"4":{"start":{"line":7,"column":13},"end":{"line":10,"column":2}},"5":{"start":{"line":12,"column":0},"end":{"line":21,"column":1}},"6":{"start":{"line":13,"column":4},"end":{"line":20,"column":11}},"7":{"start":{"line":15,"column":12},"end":{"line":15,"column":74}},"8":{"start":{"line":16,"column":12},"end":{"line":16,"column":29}},"9":{"start":{"line":19,"column":12},"end":{"line":19,"column":72}},"10":{"start":{"line":23,"column":0},"end":{"line":23,"column":22}}},"fnMap":{"0":{"name":"(anonymous_0)","decl":{"start":{"line":14,"column":14},"end":{"line":14,"column":15}},"loc":{"start":{"line":14,"column":24},"end":{"line":17,"column":9}},"line":14},"1":{"name":"(anonymous_1)","decl":{"start":{"line":18,"column":15},"end":{"line":18,"column":16}},"loc":{"start":{"line":18,"column":22},"end":{"line":20,"column":9}},"line":18}},"branchMap":{"0":{"loc":{"start":{"line":5,"column":25},"end":{"line":5,"column":77}},"type":"binary-expr","locations":[{"start":{"line":5,"column":25},"end":{"line":5,"column":49}},{"start":{"line":5,"column":53},"end":{"line":5,"column":77}}],"line":5},"1":{"loc":{"start":{"line":9,"column":9},"end":{"line":9,"column":55}},"type":"cond-expr","locations":[{"start":{"line":9,"column":18},"end":{"line":9,"column":47}},{"start":{"line":9,"column":50},"end":{"line":9,"column":55}}],"line":9},"2":{"loc":{"start":{"line":12,"column":0},"end":{"line":21,"column":1}},"type":"if","locations":[{"start":{"line":12,"column":0},"end":{"line":21,"column":1}},{"start":{},"end":{}}],"line":12},"3":{"loc":{"start":{"line":12,"column":4},"end":{"line":12,"column":43}},"type":"binary-expr","locations":[{"start":{"line":12,"column":4},"end":{"line":12,"column":20}},{"start":{"line":12,"column":24},"end":{"line":12,"column":43}}],"line":12}},"s":{"0":3,"1":3,"2":3,"3":3,"4":3,"5":3,"6":3,"7":2,"8":2,"9":1,"10":3},"f":{"0":2,"1":1},"b":{"0":[3,0],"1":[3,0],"2":[3,0],"3":[3,3]},"_coverageSchema":"1a1c01bbd47fc00a2c39e90264f33305004495a9","hash":"43c44b13bfda4c6ade28f7ec71344636bd3238cb"}
,"C:\\Users\\Usuario\\Documents\\GIt\\SaludYa\\Backend\\src\\controllers\\authController.js": {"path":"C:\\Users\\Usuario\\Documents\\GIt\\SaludYa\\Backend\\src\\controllers\\authController.js","statementMap":{"0":{"start":{"line":1,"column":11},"end":{"line":1,"column":34}},"1":{"start":{"line":2,"column":15},"end":{"line":2,"column":34}},"2":{"start":{"line":3,"column":12},"end":{"line":3,"column":35}},"3":{"start":{"line":4,"column":20},"end":{"line":4,"column":46}},"4":{"start":{"line":5,"column":57},"end":{"line":5,"column":91}},"5":{"start":{"line":6,"column":13},"end":{"line":6,"column":28}},"6":{"start":{"line":11,"column":4},"end":{"line":13,"column":5}},"7":{"start":{"line":12,"column":8},"end":{"line":12,"column":42}},"8":{"start":{"line":14,"column":4},"end":{"line":14,"column":27}},"9":{"start":{"line":17,"column":0},"end":{"line":58,"column":2}},"10":{"start":{"line":18,"column":4},"end":{"line":57,"column":5}},"11":{"start":{"line":19,"column":49},"end":{"line":19,"column":57}},"12":{"start":{"line":21,"column":32},"end":{"line":21,"column":98}},"13":{"start":{"line":22,"column":8},"end":{"line":24,"column":9}},"14":{"start":{"line":23,"column":12},"end":{"line":23,"column":93}},"15":{"start":{"line":26,"column":21},"end":{"line":26,"column":45}},"16":{"start":{"line":27,"column":31},"end":{"line":27,"column":64}},"17":{"start":{"line":29,"column":27},"end":{"line":29,"column":44}},"18":{"start":{"line":31,"column":22},"end":{"line":31,"column":115}},"19":{"start":{"line":32,"column":8},"end":{"line":32,"column":94}},"20":{"start":{"line":35,"column":8},"end":{"line":50,"column":9}},"21":{"start":{"line":36,"column":12},"end":{"line":46,"column":15}},"22":{"start":{"line":47,"column":12},"end":{"line":47,"column":66}},"23":{"start":{"line":49,"column":12},"end":{"line":49,"column":77}},"24":{"start":{"line":53,"column":8},"end":{"line":53,"column":78}},"25":{"start":{"line":55,"column":8},"end":{"line":55,"column":54}},"26":{"start":{"line":56,"column":8},"end":{"line":56,"column":73}},"27":{"start":{"line":60,"column":0},"end":{"line":96,"column":2}},"28":{"start":{"line":61,"column":4},"end":{"line":95,"column":5}},"29":{"start":{"line":62,"column":36},"end":{"line":62,"column":44}},"30":{"start":{"line":64,"column":32},"end":{"line":64,"column":98}},"31":{"start":{"line":65,"column":8},"end":{"line":67,"column":9}},"32":{"start":{"line":66,"column":12},"end":{"line":66,"column":80}},"33":{"start":{"line":69,"column":21},"end":{"line":69,"column":29}},"34":{"start":{"line":71,"column":24},"end":{"line":71,"column":69}},"35":{"start":{"line":72,"column":8},"end":{"line":74,"column":9}},"36":{"start":{"line":73,"column":12},"end":{"line":73,"column":80}},"37":{"start":{"line":76,"column":24},"end":{"line":81,"column":9}},"38":{"start":{"line":83,"column":8},"end":{"line":91,"column":10}},"39":{"start":{"line":88,"column":16},"end":{"line":88,"column":35}},"40":{"start":{"line":88,"column":25},"end":{"line":88,"column":35}},"41":{"start":{"line":89,"column":16},"end":{"line":89,"column":122}},"42":{"start":{"line":93,"column":8},"end":{"line":93,"column":51}},"43":{"start":{"line":94,"column":8},"end":{"line":94,"column":73}},"44":{"start":{"line":99,"column":0},"end":{"line":136,"column":2}},"45":{"start":{"line":100,"column":4},"end":{"line":135,"column":5}},"46":{"start":{"line":101,"column":26},"end":{"line":101,"column":34}},"47":{"start":{"line":102,"column":32},"end":{"line":102,"column":98}},"48":{"start":{"line":104,"column":8},"end":{"line":106,"column":9}},"49":{"start":{"line":105,"column":12},"end":{"line":105,"column":86}},"50":{"start":{"line":108,"column":21},"end":{"line":108,"column":29}},"51":{"start":{"line":109,"column":22},"end":{"line":109,"column":39}},"52":{"start":{"line":110,"column":24},"end":{"line":110,"column":54}},"53":{"start":{"line":113,"column":8},"end":{"line":113,"column":125}},"54":{"start":{"line":115,"column":23},"end":{"line":115,"column":84}},"55":{"start":{"line":116,"column":26},"end":{"line":116,"column":75}},"56":{"start":{"line":119,"column":8},"end":{"line":129,"column":11}},"57":{"start":{"line":131,"column":8},"end":{"line":131,"column":86}},"58":{"start":{"line":133,"column":8},"end":{"line":133,"column":57}},"59":{"start":{"line":134,"column":8},"end":{"line":134,"column":73}},"60":{"start":{"line":139,"column":0},"end":{"line":174,"column":2}},"61":{"start":{"line":140,"column":4},"end":{"line":173,"column":5}},"62":{"start":{"line":141,"column":39},"end":{"line":141,"column":47}},"63":{"start":{"line":143,"column":8},"end":{"line":145,"column":9}},"64":{"start":{"line":144,"column":12},"end":{"line":144,"column":103}},"65":{"start":{"line":148,"column":32},"end":{"line":151,"column":9}},"66":{"start":{"line":153,"column":8},"end":{"line":155,"column":9}},"67":{"start":{"line":154,"column":12},"end":{"line":154,"column":109}},"68":{"start":{"line":157,"column":21},"end":{"line":157,"column":29}},"69":{"start":{"line":160,"column":21},"end":{"line":160,"column":45}},"70":{"start":{"line":161,"column":31},"end":{"line":161,"column":67}},"71":{"start":{"line":164,"column":8},"end":{"line":167,"column":10}},"72":{"start":{"line":169,"column":8},"end":{"line":169,"column":81}},"73":{"start":{"line":171,"column":8},"end":{"line":171,"column":56}},"74":{"start":{"line":172,"column":8},"end":{"line":172,"column":101}},"75":{"start":{"line":177,"column":0},"end":{"line":194,"column":2}},"76":{"start":{"line":178,"column":4},"end":{"line":193,"column":5}},"77":{"start":{"line":179,"column":27},"end":{"line":179,"column":41}},"78":{"start":{"line":180,"column":32},"end":{"line":183,"column":9}},"79":{"start":{"line":185,"column":8},"end":{"line":187,"column":9}},"80":{"start":{"line":186,"column":12},"end":{"line":186,"column":78}},"81":{"start":{"line":189,"column":8},"end":{"line":189,"column":27}},"82":{"start":{"line":191,"column":8},"end":{"line":191,"column":57}},"83":{"start":{"line":192,"column":8},"end":{"line":192,"column":73}},"84":{"start":{"line":197,"column":0},"end":{"line":224,"column":2}},"85":{"start":{"line":198,"column":4},"end":{"line":223,"column":5}},"86":{"start":{"line":199,"column":27},"end":{"line":199,"column":41}},"87":{"start":{"line":200,"column":86},"end":{"line":200,"column":94}},"88":{"start":{"line":202,"column":22},"end":{"line":206,"column":9}},"89":{"start":{"line":209,"column":8},"end":{"line":217,"column":11}},"90":{"start":{"line":219,"column":8},"end":{"line":219,"column":65}},"91":{"start":{"line":221,"column":8},"end":{"line":221,"column":60}},"92":{"start":{"line":222,"column":8},"end":{"line":222,"column":73}}},"fnMap":{"0":{"name":"getUuidv4","decl":{"start":{"line":10,"column":15},"end":{"line":10,"column":24}},"loc":{"start":{"line":10,"column":27},"end":{"line":15,"column":1}},"line":10},"1":{"name":"(anonymous_1)","decl":{"start":{"line":17,"column":19},"end":{"line":17,"column":20}},"loc":{"start":{"line":17,"column":39},"end":{"line":58,"column":1}},"line":17},"2":{"name":"(anonymous_2)","decl":{"start":{"line":60,"column":16},"end":{"line":60,"column":17}},"loc":{"start":{"line":60,"column":36},"end":{"line":96,"column":1}},"line":60},"3":{"name":"(anonymous_3)","decl":{"start":{"line":87,"column":12},"end":{"line":87,"column":13}},"loc":{"start":{"line":87,"column":28},"end":{"line":90,"column":13}},"line":87},"4":{"name":"(anonymous_4)","decl":{"start":{"line":99,"column":25},"end":{"line":99,"column":26}},"loc":{"start":{"line":99,"column":45},"end":{"line":136,"column":1}},"line":99},"5":{"name":"(anonymous_5)","decl":{"start":{"line":139,"column":24},"end":{"line":139,"column":25}},"loc":{"start":{"line":139,"column":44},"end":{"line":174,"column":1}},"line":139},"6":{"name":"(anonymous_6)","decl":{"start":{"line":177,"column":21},"end":{"line":177,"column":22}},"loc":{"start":{"line":177,"column":41},"end":{"line":194,"column":1}},"line":177},"7":{"name":"(anonymous_7)","decl":{"start":{"line":197,"column":24},"end":{"line":197,"column":25}},"loc":{"start":{"line":197,"column":44},"end":{"line":224,"column":1}},"line":197}},"branchMap":{"0":{"loc":{"start":{"line":11,"column":4},"end":{"line":13,"column":5}},"type":"if","locations":[{"start":{"line":11,"column":4},"end":{"line":13,"column":5}},{"start":{},"end":{}}],"line":11},"1":{"loc":{"start":{"line":22,"column":8},"end":{"line":24,"column":9}},"type":"if","locations":[{"start":{"line":22,"column":8},"end":{"line":24,"column":9}},{"start":{},"end":{}}],"line":22},"2":{"loc":{"start":{"line":32,"column":74},"end":{"line":32,"column":91}},"type":"binary-expr","locations":[{"start":{"line":32,"column":74},"end":{"line":32,"column":77}},{"start":{"line":32,"column":81},"end":{"line":32,"column":91}}],"line":32},"3":{"loc":{"start":{"line":65,"column":8},"end":{"line":67,"column":9}},"type":"if","locations":[{"start":{"line":65,"column":8},"end":{"line":67,"column":9}},{"start":{},"end":{}}],"line":65},"4":{"loc":{"start":{"line":72,"column":8},"end":{"line":74,"column":9}},"type":"if","locations":[{"start":{"line":72,"column":8},"end":{"line":74,"column":9}},{"start":{},"end":{}}],"line":72},"5":{"loc":{"start":{"line":88,"column":16},"end":{"line":88,"column":35}},"type":"if","locations":[{"start":{"line":88,"column":16},"end":{"line":88,"column":35}},{"start":{},"end":{}}],"line":88},"6":{"loc":{"start":{"line":104,"column":8},"end":{"line":106,"column":9}},"type":"if","locations":[{"start":{"line":104,"column":8},"end":{"line":106,"column":9}},{"start":{},"end":{}}],"line":104},"7":{"loc":{"start":{"line":115,"column":23},"end":{"line":115,"column":84}},"type":"binary-expr","locations":[{"start":{"line":115,"column":23},"end":{"line":115,"column":42}},{"start":{"line":115,"column":46},"end":{"line":115,"column":84}}],"line":115},"8":{"loc":{"start":{"line":143,"column":8},"end":{"line":145,"column":9}},"type":"if","locations":[{"start":{"line":143,"column":8},"end":{"line":145,"column":9}},{"start":{},"end":{}}],"line":143},"9":{"loc":{"start":{"line":143,"column":12},"end":{"line":143,"column":34}},"type":"binary-expr","locations":[{"start":{"line":143,"column":12},"end":{"line":143,"column":18}},{"start":{"line":143,"column":22},"end":{"line":143,"column":34}}],"line":143},"10":{"loc":{"start":{"line":153,"column":8},"end":{"line":155,"column":9}},"type":"if","locations":[{"start":{"line":153,"column":8},"end":{"line":155,"column":9}},{"start":{},"end":{}}],"line":153},"11":{"loc":{"start":{"line":185,"column":8},"end":{"line":187,"column":9}},"type":"if","locations":[{"start":{"line":185,"column":8},"end":{"line":187,"column":9}},{"start":{},"end":{}}],"line":185},"12":{"loc":{"start":{"line":210,"column":12},"end":{"line":210,"column":26}},"type":"binary-expr","locations":[{"start":{"line":210,"column":12},"end":{"line":210,"column":18}},{"start":{"line":210,"column":22},"end":{"line":210,"column":26}}],"line":210},"13":{"loc":{"start":{"line":211,"column":12},"end":{"line":211,"column":25}},"type":"binary-expr","locations":[{"start":{"line":211,"column":12},"end":{"line":211,"column":17}},{"start":{"line":211,"column":21},"end":{"line":211,"column":25}}],"line":211},"14":{"loc":{"start":{"line":212,"column":12},"end":{"line":212,"column":35}},"type":"binary-expr","locations":[{"start":{"line":212,"column":12},"end":{"line":212,"column":27}},{"start":{"line":212,"column":31},"end":{"line":212,"column":35}}],"line":212},"15":{"loc":{"start":{"line":213,"column":12},"end":{"line":213,"column":24}},"type":"binary-expr","locations":[{"start":{"line":213,"column":12},"end":{"line":213,"column":16}},{"start":{"line":213,"column":20},"end":{"line":213,"column":24}}],"line":213},"16":{"loc":{"start":{"line":214,"column":12},"end":{"line":214,"column":36}},"type":"binary-expr","locations":[{"start":{"line":214,"column":12},"end":{"line":214,"column":28}},{"start":{"line":214,"column":32},"end":{"line":214,"column":36}}],"line":214},"17":{"loc":{"start":{"line":215,"column":12},"end":{"line":215,"column":29}},"type":"binary-expr","locations":[{"start":{"line":215,"column":12},"end":{"line":215,"column":21}},{"start":{"line":215,"column":25},"end":{"line":215,"column":29}}],"line":215}},"s":{"0":1,"1":1,"2":1,"3":1,"4":1,"5":1,"6":5,"7":5,"8":0,"9":1,"10":4,"11":4,"12":4,"13":4,"14":1,"15":3,"16":3,"17":3,"18":0,"19":0,"20":0,"21":0,"22":0,"23":0,"24":0,"25":3,"26":3,"27":1,"28":4,"29":4,"30":4,"31":3,"32":2,"33":1,"34":1,"35":1,"36":1,"37":0,"38":0,"39":0,"40":0,"41":0,"42":1,"43":1,"44":1,"45":4,"46":4,"47":4,"48":3,"49":1,"50":2,"51":2,"52":0,"53":0,"54":0,"55":0,"56":0,"57":0,"58":3,"59":3,"60":1,"61":4,"62":4,"63":4,"64":1,"65":3,"66":2,"67":1,"68":1,"69":1,"70":1,"71":1,"72":1,"73":1,"74":1,"75":1,"76":3,"77":3,"78":3,"79":2,"80":2,"81":0,"82":1,"83":1,"84":1,"85":2,"86":2,"87":2,"88":2,"89":2,"90":2,"91":0,"92":0},"f":{"0":5,"1":4,"2":4,"3":0,"4":4,"5":4,"6":3,"7":2},"b":{"0":[5,0],"1":[1,3],"2":[0,0],"3":[2,1],"4":[1,0],"5":[0,0],"6":[1,2],"7":[0,0],"8":[1,3],"9":[4,3],"10":[1,1],"11":[2,0],"12":[2,0],"13":[2,2],"14":[2,1],"15":[2,2],"16":[2,1],"17":[2,2]},"_coverageSchema":"1a1c01bbd47fc00a2c39e90264f33305004495a9","hash":"86f7612cd698cdea38b5d264420dc6f0c02ed810"}
,"C:\\Users\\Usuario\\Documents\\GIt\\SaludYa\\Backend\\src\\controllers\\citasController.js": {"path":"C:\\Users\\Usuario\\Documents\\GIt\\SaludYa\\Backend\\src\\controllers\\citasController.js","statementMap":{"0":{"start":{"line":1,"column":11},"end":{"line":1,"column":34}},"1":{"start":{"line":2,"column":20},"end":{"line":2,"column":46}},"2":{"start":{"line":3,"column":35},"end":{"line":3,"column":69}},"3":{"start":{"line":4,"column":13},"end":{"line":4,"column":28}},"4":{"start":{"line":5,"column":36},"end":{"line":5,"column":70}},"5":{"start":{"line":10,"column":4},"end":{"line":12,"column":5}},"6":{"start":{"line":11,"column":8},"end":{"line":11,"column":42}},"7":{"start":{"line":13,"column":4},"end":{"line":13,"column":27}},"8":{"start":{"line":16,"column":0},"end":{"line":81,"column":2}},"9":{"start":{"line":17,"column":4},"end":{"line":80,"column":5}},"10":{"start":{"line":18,"column":39},"end":{"line":18,"column":47}},"11":{"start":{"line":20,"column":27},"end":{"line":20,"column":41}},"12":{"start":{"line":22,"column":8},"end":{"line":24,"column":9}},"13":{"start":{"line":23,"column":12},"end":{"line":23,"column":99}},"14":{"start":{"line":26,"column":24},"end":{"line":26,"column":41}},"15":{"start":{"line":31,"column":30},"end":{"line":38,"column":9}},"16":{"start":{"line":39,"column":35},"end":{"line":39,"column":86}},"17":{"start":{"line":40,"column":8},"end":{"line":42,"column":9}},"18":{"start":{"line":41,"column":12},"end":{"line":41,"column":107}},"19":{"start":{"line":44,"column":22},"end":{"line":44,"column":119}},"20":{"start":{"line":46,"column":8},"end":{"line":46,"column":87}},"21":{"start":{"line":49,"column":8},"end":{"line":72,"column":9}},"22":{"start":{"line":51,"column":36},"end":{"line":51,"column":124}},"23":{"start":{"line":53,"column":12},"end":{"line":69,"column":13}},"24":{"start":{"line":54,"column":33},"end":{"line":54,"column":41}},"25":{"start":{"line":57,"column":16},"end":{"line":67,"column":19}},"26":{"start":{"line":68,"column":16},"end":{"line":68,"column":89}},"27":{"start":{"line":71,"column":12},"end":{"line":71,"column":87}},"28":{"start":{"line":76,"column":8},"end":{"line":76,"column":79}},"29":{"start":{"line":78,"column":8},"end":{"line":78,"column":52}},"30":{"start":{"line":79,"column":8},"end":{"line":79,"column":90}},"31":{"start":{"line":84,"column":0},"end":{"line":106,"column":2}},"32":{"start":{"line":85,"column":4},"end":{"line":105,"column":5}},"33":{"start":{"line":87,"column":22},"end":{"line":99,"column":9}},"34":{"start":{"line":100,"column":32},"end":{"line":100,"column":53}},"35":{"start":{"line":101,"column":8},"end":{"line":101,"column":24}},"36":{"start":{"line":103,"column":8},"end":{"line":103,"column":66}},"37":{"start":{"line":104,"column":8},"end":{"line":104,"column":79}},"38":{"start":{"line":109,"column":0},"end":{"line":124,"column":2}},"39":{"start":{"line":110,"column":4},"end":{"line":123,"column":5}},"40":{"start":{"line":111,"column":27},"end":{"line":111,"column":41}},"41":{"start":{"line":112,"column":22},"end":{"line":117,"column":9}},"42":{"start":{"line":118,"column":32},"end":{"line":118,"column":67}},"43":{"start":{"line":119,"column":8},"end":{"line":119,"column":24}},"44":{"start":{"line":121,"column":8},"end":{"line":121,"column":60}},"45":{"start":{"line":122,"column":8},"end":{"line":122,"column":73}},"46":{"start":{"line":127,"column":0},"end":{"line":174,"column":2}},"47":{"start":{"line":128,"column":4},"end":{"line":173,"column":5}},"48":{"start":{"line":129,"column":28},"end":{"line":129,"column":38}},"49":{"start":{"line":130,"column":32},"end":{"line":130,"column":40}},"50":{"start":{"line":131,"column":24},"end":{"line":131,"column":90}},"51":{"start":{"line":132,"column":8},"end":{"line":134,"column":9}},"52":{"start":{"line":133,"column":12},"end":{"line":133,"column":76}},"53":{"start":{"line":137,"column":22},"end":{"line":137,"column":71}},"54":{"start":{"line":138,"column":8},"end":{"line":138,"column":54}},"55":{"start":{"line":141,"column":26},"end":{"line":146,"column":9}},"56":{"start":{"line":147,"column":35},"end":{"line":147,"column":71}},"57":{"start":{"line":150,"column":8},"end":{"line":168,"column":9}},"58":{"start":{"line":151,"column":25},"end":{"line":151,"column":36}},"59":{"start":{"line":152,"column":12},"end":{"line":167,"column":13}},"60":{"start":{"line":153,"column":16},"end":{"line":163,"column":19}},"61":{"start":{"line":164,"column":16},"end":{"line":164,"column":78}},"62":{"start":{"line":166,"column":16},"end":{"line":166,"column":94}},"63":{"start":{"line":169,"column":8},"end":{"line":169,"column":69}},"64":{"start":{"line":171,"column":8},"end":{"line":171,"column":59}},"65":{"start":{"line":172,"column":8},"end":{"line":172,"column":59}}},"fnMap":{"0":{"name":"getUuidv4","decl":{"start":{"line":9,"column":15},"end":{"line":9,"column":24}},"loc":{"start":{"line":9,"column":27},"end":{"line":14,"column":1}},"line":9},"1":{"name":"(anonymous_1)","decl":{"start":{"line":16,"column":20},"end":{"line":16,"column":21}},"loc":{"start":{"line":16,"column":40},"end":{"line":81,"column":1}},"line":16},"2":{"name":"(anonymous_2)","decl":{"start":{"line":84,"column":28},"end":{"line":84,"column":29}},"loc":{"start":{"line":84,"column":48},"end":{"line":106,"column":1}},"line":84},"3":{"name":"(anonymous_3)","decl":{"start":{"line":109,"column":26},"end":{"line":109,"column":27}},"loc":{"start":{"line":109,"column":46},"end":{"line":124,"column":1}},"line":109},"4":{"name":"(anonymous_4)","decl":{"start":{"line":127,"column":27},"end":{"line":127,"column":28}},"loc":{"start":{"line":127,"column":47},"end":{"line":174,"column":1}},"line":127}},"branchMap":{"0":{"loc":{"start":{"line":10,"column":4},"end":{"line":12,"column":5}},"type":"if","locations":[{"start":{"line":10,"column":4},"end":{"line":12,"column":5}},{"start":{},"end":{}}],"line":10},"1":{"loc":{"start":{"line":22,"column":8},"end":{"line":24,"column":9}},"type":"if","locations":[{"start":{"line":22,"column":8},"end":{"line":24,"column":9}},{"start":{},"end":{}}],"line":22},"2":{"loc":{"start":{"line":22,"column":12},"end":{"line":22,"column":34}},"type":"binary-expr","locations":[{"start":{"line":22,"column":12},"end":{"line":22,"column":23}},{"start":{"line":22,"column":27},"end":{"line":22,"column":34}}],"line":22},"3":{"loc":{"start":{"line":40,"column":8},"end":{"line":42,"column":9}},"type":"if","locations":[{"start":{"line":40,"column":8},"end":{"line":42,"column":9}},{"start":{},"end":{}}],"line":40},"4":{"loc":{"start":{"line":53,"column":12},"end":{"line":69,"column":13}},"type":"if","locations":[{"start":{"line":53,"column":12},"end":{"line":69,"column":13}},{"start":{},"end":{}}],"line":53},"5":{"loc":{"start":{"line":132,"column":8},"end":{"line":134,"column":9}},"type":"if","locations":[{"start":{"line":132,"column":8},"end":{"line":134,"column":9}},{"start":{},"end":{}}],"line":132},"6":{"loc":{"start":{"line":150,"column":8},"end":{"line":168,"column":9}},"type":"if","locations":[{"start":{"line":150,"column":8},"end":{"line":168,"column":9}},{"start":{},"end":{}}],"line":150}},"s":{"0":1,"1":1,"2":1,"3":1,"4":1,"5":4,"6":4,"7":0,"8":1,"9":5,"10":5,"11":5,"12":5,"13":1,"14":4,"15":0,"16":0,"17":0,"18":0,"19":0,"20":0,"21":0,"22":0,"23":0,"24":0,"25":0,"26":0,"27":0,"28":0,"29":4,"30":4,"31":1,"32":2,"33":2,"34":2,"35":2,"36":0,"37":0,"38":1,"39":2,"40":2,"41":2,"42":2,"43":2,"44":0,"45":0,"46":1,"47":5,"48":5,"49":5,"50":5,"51":5,"52":1,"53":4,"54":4,"55":4,"56":4,"57":1,"58":0,"59":0,"60":0,"61":0,"62":0,"63":1,"64":3,"65":3},"f":{"0":4,"1":5,"2":2,"3":2,"4":5},"b":{"0":[4,0],"1":[1,4],"2":[5,4],"3":[0,0],"4":[0,0],"5":[1,4],"6":[0,1]},"_coverageSchema":"1a1c01bbd47fc00a2c39e90264f33305004495a9","hash":"d1699b0346e947451926aa0711739fb8b01f4908"}
,"C:\\Users\\Usuario\\Documents\\GIt\\SaludYa\\Backend\\src\\middlewares\\authMiddleware.js": {"path":"C:\\Users\\Usuario\\Documents\\GIt\\SaludYa\\Backend\\src\\middlewares\\authMiddleware.js","statementMap":{"0":{"start":{"line":1,"column":12},"end":{"line":1,"column":35}},"1":{"start":{"line":3,"column":0},"end":{"line":22,"column":2}},"2":{"start":{"line":5,"column":23},"end":{"line":5,"column":50}},"3":{"start":{"line":7,"column":4},"end":{"line":9,"column":5}},"4":{"start":{"line":8,"column":8},"end":{"line":8,"column":89}},"5":{"start":{"line":11,"column":18},"end":{"line":11,"column":42}},"6":{"start":{"line":13,"column":4},"end":{"line":21,"column":5}},"7":{"start":{"line":15,"column":24},"end":{"line":15,"column":65}},"8":{"start":{"line":17,"column":8},"end":{"line":17,"column":38}},"9":{"start":{"line":18,"column":8},"end":{"line":18,"column":15}},"10":{"start":{"line":20,"column":8},"end":{"line":20,"column":77}}},"fnMap":{"0":{"name":"(anonymous_0)","decl":{"start":{"line":3,"column":17},"end":{"line":3,"column":18}},"loc":{"start":{"line":3,"column":43},"end":{"line":22,"column":1}},"line":3}},"branchMap":{"0":{"loc":{"start":{"line":7,"column":4},"end":{"line":9,"column":5}},"type":"if","locations":[{"start":{"line":7,"column":4},"end":{"line":9,"column":5}},{"start":{},"end":{}}],"line":7},"1":{"loc":{"start":{"line":7,"column":8},"end":{"line":7,"column":56}},"type":"binary-expr","locations":[{"start":{"line":7,"column":8},"end":{"line":7,"column":19}},{"start":{"line":7,"column":23},"end":{"line":7,"column":56}}],"line":7}},"s":{"0":1,"1":1,"2":3,"3":3,"4":1,"5":2,"6":2,"7":2,"8":1,"9":1,"10":1},"f":{"0":3},"b":{"0":[1,2],"1":[3,2]},"_coverageSchema":"1a1c01bbd47fc00a2c39e90264f33305004495a9","hash":"984990ce7f1cc4d59b7ba6e548a9e00c8d614561"}
,"C:\\Users\\Usuario\\Documents\\GIt\\SaludYa\\Backend\\src\\routes\\authRoutes.js": {"path":"C:\\Users\\Usuario\\Documents\\GIt\\SaludYa\\Backend\\src\\routes\\authRoutes.js","statementMap":{"0":{"start":{"line":1,"column":16},"end":{"line":1,"column":34}},"1":{"start":{"line":2,"column":15},"end":{"line":2,"column":31}},"2":{"start":{"line":3,"column":23},"end":{"line":3,"column":63}},"3":{"start":{"line":4,"column":23},"end":{"line":4,"column":63}},"4":{"start":{"line":7,"column":0},"end":{"line":7,"column":50}},"5":{"start":{"line":10,"column":0},"end":{"line":10,"column":44}},"6":{"start":{"line":13,"column":0},"end":{"line":13,"column":63}},"7":{"start":{"line":16,"column":0},"end":{"line":16,"column":61}},"8":{"start":{"line":19,"column":0},"end":{"line":19,"column":66}},"9":{"start":{"line":20,"column":0},"end":{"line":20,"column":69}},"10":{"start":{"line":22,"column":0},"end":{"line":22,"column":24}}},"fnMap":{},"branchMap":{},"s":{"0":1,"1":1,"2":1,"3":1,"4":1,"5":1,"6":1,"7":1,"8":1,"9":1,"10":1},"f":{},"b":{},"_coverageSchema":"1a1c01bbd47fc00a2c39e90264f33305004495a9","hash":"04207cdfa79a763499e7fa30acb635aeb3bfe1ae"}
,"C:\\Users\\Usuario\\Documents\\GIt\\SaludYa\\Backend\\src\\routes\\citasRoutes.js": {"path":"C:\\Users\\Usuario\\Documents\\GIt\\SaludYa\\Backend\\src\\routes\\citasRoutes.js","statementMap":{"0":{"start":{"line":1,"column":16},"end":{"line":1,"column":34}},"1":{"start":{"line":2,"column":15},"end":{"line":2,"column":31}},"2":{"start":{"line":3,"column":24},"end":{"line":3,"column":65}},"3":{"start":{"line":4,"column":23},"end":{"line":4,"column":63}},"4":{"start":{"line":6,"column":0},"end":{"line":6,"column":65}},"5":{"start":{"line":9,"column":0},"end":{"line":9,"column":74}},"6":{"start":{"line":10,"column":0},"end":{"line":10,"column":72}},"7":{"start":{"line":12,"column":0},"end":{"line":12,"column":81}},"8":{"start":{"line":14,"column":0},"end":{"line":14,"column":24}}},"fnMap":{},"branchMap":{},"s":{"0":1,"1":1,"2":1,"3":1,"4":1,"5":1,"6":1,"7":1,"8":1},"f":{},"b":{},"_coverageSchema":"1a1c01bbd47fc00a2c39e90264f33305004495a9","hash":"6d31d10ac6c6d1aaeaf700626d45cc6ecf898329"}
,"C:\\Users\\Usuario\\Documents\\GIt\\SaludYa\\Backend\\src\\utils\\emailTemplates.js": {"path":"C:\\Users\\Usuario\\Documents\\GIt\\SaludYa\\Backend\\src\\utils\\emailTemplates.js","statementMap":{"0":{"start":{"line":1,"column":24},"end":{"line":34,"column":1}},"1":{"start":{"line":2,"column":4},"end":{"line":33,"column":6}},"2":{"start":{"line":35,"column":27},"end":{"line":42,"column":1}},"3":{"start":{"line":36,"column":20},"end":{"line":40,"column":5}},"4":{"start":{"line":41,"column":4},"end":{"line":41,"column":62}},"5":{"start":{"line":44,"column":33},"end":{"line":53,"column":1}},"6":{"start":{"line":45,"column":20},"end":{"line":51,"column":5}},"7":{"start":{"line":52,"column":4},"end":{"line":52,"column":57}},"8":{"start":{"line":55,"column":31},"end":{"line":70,"column":1}},"9":{"start":{"line":57,"column":18},"end":{"line":57,"column":104}},"10":{"start":{"line":59,"column":20},"end":{"line":68,"column":5}},"11":{"start":{"line":69,"column":4},"end":{"line":69,"column":70}},"12":{"start":{"line":72,"column":32},"end":{"line":86,"column":1}},"13":{"start":{"line":73,"column":18},"end":{"line":73,"column":104}},"14":{"start":{"line":75,"column":20},"end":{"line":84,"column":5}},"15":{"start":{"line":85,"column":4},"end":{"line":85,"column":81}},"16":{"start":{"line":90,"column":0},"end":{"line":90,"column":115}}},"fnMap":{"0":{"name":"(anonymous_0)","decl":{"start":{"line":1,"column":24},"end":{"line":1,"column":25}},"loc":{"start":{"line":1,"column":44},"end":{"line":34,"column":1}},"line":1},"1":{"name":"(anonymous_1)","decl":{"start":{"line":35,"column":27},"end":{"line":35,"column":28}},"loc":{"start":{"line":35,"column":39},"end":{"line":42,"column":1}},"line":35},"2":{"name":"(anonymous_2)","decl":{"start":{"line":44,"column":33},"end":{"line":44,"column":34}},"loc":{"start":{"line":44,"column":56},"end":{"line":53,"column":1}},"line":44},"3":{"name":"(anonymous_3)","decl":{"start":{"line":55,"column":31},"end":{"line":55,"column":32}},"loc":{"start":{"line":55,"column":68},"end":{"line":70,"column":1}},"line":55},"4":{"name":"(anonymous_4)","decl":{"start":{"line":72,"column":32},"end":{"line":72,"column":33}},"loc":{"start":{"line":72,"column":82},"end":{"line":86,"column":1}},"line":72}},"branchMap":{"0":{"loc":{"start":{"line":39,"column":19},"end":{"line":39,"column":44}},"type":"binary-expr","locations":[{"start":{"line":39,"column":19},"end":{"line":39,"column":38}},{"start":{"line":39,"column":42},"end":{"line":39,"column":44}}],"line":39}},"s":{"0":2,"1":4,"2":2,"3":1,"4":1,"5":2,"6":1,"7":1,"8":2,"9":1,"10":1,"11":1,"12":2,"13":1,"14":1,"15":1,"16":2},"f":{"0":4,"1":1,"2":1,"3":1,"4":1},"b":{"0":[1,1]},"_coverageSchema":"1a1c01bbd47fc00a2c39e90264f33305004495a9","hash":"0009d62e3eddccdd303130ad935edf3b70055697"}
,"C:\\Users\\Usuario\\Documents\\GIt\\SaludYa\\Backend\\src\\utils\\mailer.js": {"path":"C:\\Users\\Usuario\\Documents\\GIt\\SaludYa\\Backend\\src\\utils\\mailer.js","statementMap":{"0":{"start":{"line":1,"column":19},"end":{"line":1,"column":40}},"1":{"start":{"line":2,"column":0},"end":{"line":2,"column":27}},"2":{"start":{"line":4,"column":20},"end":{"line":12,"column":2}},"3":{"start":{"line":14,"column":0},"end":{"line":20,"column":1}},"4":{"start":{"line":15,"column":4},"end":{"line":19,"column":7}},"5":{"start":{"line":16,"column":8},"end":{"line":16,"column":51}},"6":{"start":{"line":18,"column":8},"end":{"line":18,"column":54}},"7":{"start":{"line":22,"column":0},"end":{"line":22,"column":29}}},"fnMap":{"0":{"name":"(anonymous_0)","decl":{"start":{"line":15,"column":30},"end":{"line":15,"column":31}},"loc":{"start":{"line":15,"column":36},"end":{"line":17,"column":5}},"line":15},"1":{"name":"(anonymous_1)","decl":{"start":{"line":17,"column":13},"end":{"line":17,"column":14}},"loc":{"start":{"line":17,"column":24},"end":{"line":19,"column":5}},"line":17}},"branchMap":{"0":{"loc":{"start":{"line":14,"column":0},"end":{"line":20,"column":1}},"type":"if","locations":[{"start":{"line":14,"column":0},"end":{"line":20,"column":1}},{"start":{},"end":{}}],"line":14},"1":{"loc":{"start":{"line":14,"column":4},"end":{"line":14,"column":110}},"type":"binary-expr","locations":[{"start":{"line":14,"column":4},"end":{"line":14,"column":35}},{"start":{"line":14,"column":39},"end":{"line":14,"column":58}},{"start":{"line":14,"column":62},"end":{"line":14,"column":84}},{"start":{"line":14,"column":88},"end":{"line":14,"column":110}}],"line":14}},"s":{"0":3,"1":3,"2":3,"3":3,"4":2,"5":1,"6":1,"7":3},"f":{"0":1,"1":1},"b":{"0":[2,1],"1":[3,2,2,2]},"_coverageSchema":"1a1c01bbd47fc00a2c39e90264f33305004495a9","hash":"0e69d20b58ccf41784448335655cf46cbb40ab04"}
}
