TN:
SF:Backend\src\config\db.js
FN:14,(anonymous_0)
FN:18,(anonymous_1)
FNF:2
FNH:2
FNDA:2,(anonymous_0)
FNDA:1,(anonymous_1)
DA:1,3
DA:2,3
DA:4,3
DA:5,3
DA:7,3
DA:12,3
DA:13,3
DA:15,2
DA:16,2
DA:19,1
DA:23,3
LF:11
LH:11
BRDA:5,0,0,3
BRDA:5,0,1,0
BRDA:9,1,0,3
BRDA:9,1,1,0
BRDA:12,2,0,3
BRDA:12,2,1,0
BRDA:12,3,0,3
BRDA:12,3,1,3
BRF:8
BRH:5
end_of_record
TN:
SF:Backend\src\controllers\authController.js
FN:10,getUuidv4
FN:17,(anonymous_1)
FN:60,(anonymous_2)
FN:87,(anonymous_3)
FN:99,(anonymous_4)
FN:139,(anonymous_5)
FN:177,(anonymous_6)
FN:197,(anonymous_7)
FNF:8
FNH:7
FNDA:5,getUuidv4
FNDA:4,(anonymous_1)
FNDA:4,(anonymous_2)
FNDA:0,(anonymous_3)
FNDA:4,(anonymous_4)
FNDA:4,(anonymous_5)
FNDA:3,(anonymous_6)
FNDA:2,(anonymous_7)
DA:1,1
DA:2,1
DA:3,1
DA:4,1
DA:5,1
DA:6,1
DA:11,5
DA:12,5
DA:14,0
DA:17,1
DA:18,4
DA:19,4
DA:21,4
DA:22,4
DA:23,1
DA:26,3
DA:27,3
DA:29,3
DA:31,0
DA:32,0
DA:35,0
DA:36,0
DA:47,0
DA:49,0
DA:53,0
DA:55,3
DA:56,3
DA:60,1
DA:61,4
DA:62,4
DA:64,4
DA:65,3
DA:66,2
DA:69,1
DA:71,1
DA:72,1
DA:73,1
DA:76,0
DA:83,0
DA:88,0
DA:89,0
DA:93,1
DA:94,1
DA:99,1
DA:100,4
DA:101,4
DA:102,4
DA:104,3
DA:105,1
DA:108,2
DA:109,2
DA:110,0
DA:113,0
DA:115,0
DA:116,0
DA:119,0
DA:131,0
DA:133,3
DA:134,3
DA:139,1
DA:140,4
DA:141,4
DA:143,4
DA:144,1
DA:148,3
DA:153,2
DA:154,1
DA:157,1
DA:160,1
DA:161,1
DA:164,1
DA:169,1
DA:171,1
DA:172,1
DA:177,1
DA:178,3
DA:179,3
DA:180,3
DA:185,2
DA:186,2
DA:189,0
DA:191,1
DA:192,1
DA:197,1
DA:198,2
DA:199,2
DA:200,2
DA:202,2
DA:209,2
DA:219,2
DA:221,0
DA:222,0
LF:92
LH:71
BRDA:11,0,0,5
BRDA:11,0,1,0
BRDA:22,1,0,1
BRDA:22,1,1,3
BRDA:32,2,0,0
BRDA:32,2,1,0
BRDA:65,3,0,2
BRDA:65,3,1,1
BRDA:72,4,0,1
BRDA:72,4,1,0
BRDA:88,5,0,0
BRDA:88,5,1,0
BRDA:104,6,0,1
BRDA:104,6,1,2
BRDA:115,7,0,0
BRDA:115,7,1,0
BRDA:143,8,0,1
BRDA:143,8,1,3
BRDA:143,9,0,4
BRDA:143,9,1,3
BRDA:153,10,0,1
BRDA:153,10,1,1
BRDA:185,11,0,2
BRDA:185,11,1,0
BRDA:210,12,0,2
BRDA:210,12,1,0
BRDA:211,13,0,2
BRDA:211,13,1,2
BRDA:212,14,0,2
BRDA:212,14,1,1
BRDA:213,15,0,2
BRDA:213,15,1,2
BRDA:214,16,0,2
BRDA:214,16,1,1
BRDA:215,17,0,2
BRDA:215,17,1,2
BRF:36
BRH:26
end_of_record
TN:
SF:Backend\src\controllers\citasController.js
FN:9,getUuidv4
FN:16,(anonymous_1)
FN:84,(anonymous_2)
FN:109,(anonymous_3)
FN:127,(anonymous_4)
FNF:5
FNH:5
FNDA:4,getUuidv4
FNDA:5,(anonymous_1)
FNDA:2,(anonymous_2)
FNDA:2,(anonymous_3)
FNDA:5,(anonymous_4)
DA:1,1
DA:2,1
DA:3,1
DA:4,1
DA:5,1
DA:10,4
DA:11,4
DA:13,0
DA:16,1
DA:17,5
DA:18,5
DA:20,5
DA:22,5
DA:23,1
DA:26,4
DA:31,0
DA:39,0
DA:40,0
DA:41,0
DA:44,0
DA:46,0
DA:49,0
DA:51,0
DA:53,0
DA:54,0
DA:57,0
DA:68,0
DA:71,0
DA:76,0
DA:78,4
DA:79,4
DA:84,1
DA:85,2
DA:87,2
DA:100,2
DA:101,2
DA:103,0
DA:104,0
DA:109,1
DA:110,2
DA:111,2
DA:112,2
DA:118,2
DA:119,2
DA:121,0
DA:122,0
DA:127,1
DA:128,5
DA:129,5
DA:130,5
DA:131,5
DA:132,5
DA:133,1
DA:137,4
DA:138,4
DA:141,4
DA:147,4
DA:150,1
DA:151,0
DA:152,0
DA:153,0
DA:164,0
DA:166,0
DA:169,1
DA:171,3
DA:172,3
LF:66
LH:42
BRDA:10,0,0,4
BRDA:10,0,1,0
BRDA:22,1,0,1
BRDA:22,1,1,4
BRDA:22,2,0,5
BRDA:22,2,1,4
BRDA:40,3,0,0
BRDA:40,3,1,0
BRDA:53,4,0,0
BRDA:53,4,1,0
BRDA:132,5,0,1
BRDA:132,5,1,4
BRDA:150,6,0,0
BRDA:150,6,1,1
BRF:14
BRH:8
end_of_record
TN:
SF:Backend\src\middlewares\authMiddleware.js
FN:3,(anonymous_0)
FNF:1
FNH:1
FNDA:3,(anonymous_0)
DA:1,1
DA:3,1
DA:5,3
DA:7,3
DA:8,1
DA:11,2
DA:13,2
DA:15,2
DA:17,1
DA:18,1
DA:20,1
LF:11
LH:11
BRDA:7,0,0,1
BRDA:7,0,1,2
BRDA:7,1,0,3
BRDA:7,1,1,2
BRF:4
BRH:4
end_of_record
TN:
SF:Backend\src\routes\authRoutes.js
FNF:0
FNH:0
DA:1,1
DA:2,1
DA:3,1
DA:4,1
DA:7,1
DA:10,1
DA:13,1
DA:16,1
DA:19,1
DA:20,1
DA:22,1
LF:11
LH:11
BRF:0
BRH:0
end_of_record
TN:
SF:Backend\src\routes\citasRoutes.js
FNF:0
FNH:0
DA:1,1
DA:2,1
DA:3,1
DA:4,1
DA:6,1
DA:9,1
DA:10,1
DA:12,1
DA:14,1
LF:9
LH:9
BRF:0
BRH:0
end_of_record
TN:
SF:Backend\src\utils\emailTemplates.js
FN:1,(anonymous_0)
FN:35,(anonymous_1)
FN:44,(anonymous_2)
FN:55,(anonymous_3)
FN:72,(anonymous_4)
FNF:5
FNH:5
FNDA:4,(anonymous_0)
FNDA:1,(anonymous_1)
FNDA:1,(anonymous_2)
FNDA:1,(anonymous_3)
FNDA:1,(anonymous_4)
DA:1,2
DA:2,4
DA:35,2
DA:36,1
DA:41,1
DA:44,2
DA:45,1
DA:52,1
DA:55,2
DA:57,1
DA:59,1
DA:69,1
DA:72,2
DA:73,1
DA:75,1
DA:85,1
DA:90,2
LF:17
LH:17
BRDA:39,0,0,1
BRDA:39,0,1,1
BRF:2
BRH:2
end_of_record
TN:
SF:Backend\src\utils\mailer.js
FN:15,(anonymous_0)
FN:17,(anonymous_1)
FNF:2
FNH:2
FNDA:1,(anonymous_0)
FNDA:1,(anonymous_1)
DA:1,3
DA:2,3
DA:4,3
DA:14,3
DA:15,2
DA:16,1
DA:18,1
DA:22,3
LF:8
LH:8
BRDA:14,0,0,2
BRDA:14,0,1,1
BRDA:14,1,0,3
BRDA:14,1,1,2
BRDA:14,1,2,2
BRDA:14,1,3,2
BRF:6
BRH:6
end_of_record
